[debug] [2022-07-31T02:50:13.607Z] ----------------------------------------------------------------------
[debug] [2022-07-31T02:50:13.616Z] Command:       C:\Program Files\nodejs\node.exe C:\Users\jesus\AppData\Roaming\npm\node_modules\firebase-tools\lib\bin\firebase.js init
[debug] [2022-07-31T02:50:13.618Z] CLI Version:   10.6.0
[debug] [2022-07-31T02:50:13.619Z] Platform:      win32
[debug] [2022-07-31T02:50:13.619Z] Node Version:  v16.10.0
[debug] [2022-07-31T02:50:13.718Z] Time:          Sat Jul 30 2022 21:50:13 GMT-0500 (hora estándar de Perú)
[debug] [2022-07-31T02:50:13.719Z] ----------------------------------------------------------------------
[debug] 
[debug] [2022-07-31T02:50:13.738Z] >>> [apiv2][query] GET https://firebase-public.firebaseio.com/cli.json [none]
[debug] [2022-07-31T02:50:13.812Z] > command requires scopes: ["email","openid","https://www.googleapis.com/auth/cloudplatformprojects.readonly","https://www.googleapis.com/auth/firebase","https://www.googleapis.com/auth/cloud-platform"]
[debug] [2022-07-31T02:50:13.813Z] > authorizing via signed-in user (jayarza1811@gmail.com)
[info] 
     ######## #### ########  ######## ########     ###     ######  ########
     ##        ##  ##     ## ##       ##     ##  ##   ##  ##       ##
     ######    ##  ########  ######   ########  #########  ######  ######
     ##        ##  ##    ##  ##       ##     ## ##     ##       ## ##
     ##       #### ##     ## ######## ########  ##     ##  ######  ########

You're about to initialize a Firebase project in this directory:

  C:\Users\jesus\Desktop\JesuDev\Proyectos React\nextjs\chat-secret\secret-chat

[debug] [2022-07-31T02:50:15.109Z] <<< [apiv2][status] GET https://firebase-public.firebaseio.com/cli.json 200
[debug] [2022-07-31T02:50:15.110Z] <<< [apiv2][body] GET https://firebase-public.firebaseio.com/cli.json {"cloudBuildErrorAfter":1594252800000,"cloudBuildWarnAfter":1590019200000,"defaultNode10After":1594252800000,"minVersion":"3.0.5","node8DeploysDisabledAfter":1613390400000,"node8RuntimeDisabledAfter":1615809600000,"node8WarnAfter":1600128000000}
